<?xml version="1.0" encoding="UTF-8"?>
<!-- Generated by org.testng.reporters.JUnitXMLReporter -->
<testsuite hostname="DESKTOP-POFN5K0" ignored="0" name="Accounts Page Test" tests="10" failures="1" timestamp="28 Aug 2021 12:07:37 GMT" time="35.881" errors="0">
  <testcase name="accPageTitleTest" time="0.019" classname="com.qa.opencart.tests.AccountsPageTest"/>
  <testcase name="accPageHeaderTest" time="0.074" classname="com.qa.opencart.tests.AccountsPageTest">
    <failure type="java.lang.AssertionError" message="expected [Your Store11] but found [Your Store]">
      <![CDATA[java.lang.AssertionError: expected [Your Store11] but found [Your Store]
at com.qa.opencart.tests.AccountsPageTest.accPageHeaderTest(AccountsPageTest.java:46)
at java.util.concurrent.FutureTask.run(FutureTask.java:266)
at java.util.concurrent.ThreadPoolExecutor.runWorker(ThreadPoolExecutor.java:1149)
at java.util.concurrent.ThreadPoolExecutor$Worker.run(ThreadPoolExecutor.java:624)
at java.lang.Thread.run(Thread.java:748)
... Removed 22 stack frames]]>
    </failure>
  </testcase> <!-- accPageHeaderTest -->
  <testcase name="accSectionsListTest" time="0.226" classname="com.qa.opencart.tests.AccountsPageTest"/>
  <testcase name="logoutLinkExistTest" time="0.139" classname="com.qa.opencart.tests.AccountsPageTest"/>
  <testcase name="searchTest" time="2.299" classname="com.qa.opencart.tests.AccountsPageTest"/>
  <testcase name="searchTest" time="2.241" classname="com.qa.opencart.tests.AccountsPageTest"/>
  <testcase name="searchTest" time="2.167" classname="com.qa.opencart.tests.AccountsPageTest"/>
  <testcase name="selectProductTest" time="5.024" classname="com.qa.opencart.tests.AccountsPageTest"/>
  <testcase name="selectProductTest" time="4.202" classname="com.qa.opencart.tests.AccountsPageTest"/>
  <testcase name="selectProductTest" time="4.515" classname="com.qa.opencart.tests.AccountsPageTest"/>
</testsuite> <!-- Accounts Page Test -->
