<?xml version="1.0" encoding="UTF-8"?>
<testng-results skipped="0" failed="3" ignored="0" total="14" passed="11">
  <reporter-output>
  </reporter-output>
  <suite name="Open Cart Regression Suite" duration-ms="35885" started-at="2021-08-28T12:07:01Z" finished-at="2021-08-28T12:07:37Z">
    <groups>
    </groups>
    <test name="Login Page Test" duration-ms="13653" started-at="2021-08-28T12:07:01Z" finished-at="2021-08-28T12:07:15Z">
      <class name="com.qa.opencart.tests.LoginPageTest">
        <test-method status="PASS" signature="setUp()[pri:0, instance:com.qa.opencart.tests.LoginPageTest@3d3f761a]" name="setUp" is-config="true" duration-ms="7761" started-at="2021-08-28T12:07:01Z" finished-at="2021-08-28T12:07:09Z">
          <reporter-output>
          </reporter-output>
        </test-method> <!-- setUp -->
        <test-method status="PASS" signature="loginPageTitleTest()[pri:1, instance:com.qa.opencart.tests.LoginPageTest@3d3f761a]" name="loginPageTitleTest" duration-ms="395" started-at="2021-08-28T12:07:09Z" finished-at="2021-08-28T12:07:09Z">
          <reporter-output>
          </reporter-output>
        </test-method> <!-- loginPageTitleTest -->
        <test-method status="FAIL" signature="loginPageHeaderTest()[pri:2, instance:com.qa.opencart.tests.LoginPageTest@3d3f761a]" name="loginPageHeaderTest" duration-ms="88" started-at="2021-08-28T12:07:10Z" finished-at="2021-08-28T12:07:10Z">
          <exception class="java.lang.AssertionError">
            <message>
              <![CDATA[....Header is not matched.... expected [Your Store11] but found [Your Store]]]>
            </message>
            <full-stacktrace>
              <![CDATA[java.lang.AssertionError: ....Header is not matched.... expected [Your Store11] but found [Your Store]
at org.testng.Assert.fail(Assert.java:96)
at org.testng.Assert.failNotEquals(Assert.java:776)
at org.testng.Assert.assertEqualsImpl(Assert.java:137)
at org.testng.Assert.assertEquals(Assert.java:118)
at org.testng.Assert.assertEquals(Assert.java:453)
at com.qa.opencart.tests.LoginPageTest.loginPageHeaderTest(LoginPageTest.java:38)
at sun.reflect.NativeMethodAccessorImpl.invoke0(Native Method)
at sun.reflect.NativeMethodAccessorImpl.invoke(NativeMethodAccessorImpl.java:62)
at sun.reflect.DelegatingMethodAccessorImpl.invoke(DelegatingMethodAccessorImpl.java:43)
at java.lang.reflect.Method.invoke(Method.java:498)
at org.testng.internal.MethodInvocationHelper.invokeMethod(MethodInvocationHelper.java:124)
at org.testng.internal.Invoker.invokeMethod(Invoker.java:583)
at org.testng.internal.Invoker.invokeTestMethod(Invoker.java:719)
at org.testng.internal.Invoker.invokeTestMethods(Invoker.java:989)
at org.testng.internal.TestMethodWorker.invokeTestMethods(TestMethodWorker.java:125)
at org.testng.internal.TestMethodWorker.run(TestMethodWorker.java:109)
at org.testng.TestRunner.privateRun(TestRunner.java:648)
at org.testng.TestRunner.run(TestRunner.java:505)
at org.testng.SuiteRunner.runTest(SuiteRunner.java:455)
at org.testng.SuiteRunner.access$000(SuiteRunner.java:40)
at org.testng.SuiteRunner$SuiteWorker.run(SuiteRunner.java:489)
at org.testng.internal.thread.ThreadUtil$1.call(ThreadUtil.java:52)
at java.util.concurrent.FutureTask.run(FutureTask.java:266)
at java.util.concurrent.ThreadPoolExecutor.runWorker(ThreadPoolExecutor.java:1149)
at java.util.concurrent.ThreadPoolExecutor$Worker.run(ThreadPoolExecutor.java:624)
at java.lang.Thread.run(Thread.java:748)
]]>
            </full-stacktrace>
          </exception> <!-- java.lang.AssertionError -->
          <reporter-output>
          </reporter-output>
        </test-method> <!-- loginPageHeaderTest -->
        <test-method status="FAIL" signature="forgotPwdLinkTest()[pri:3, instance:com.qa.opencart.tests.LoginPageTest@3d3f761a]" name="forgotPwdLinkTest" duration-ms="59" started-at="2021-08-28T12:07:10Z" finished-at="2021-08-28T12:07:10Z">
          <exception class="org.openqa.selenium.NoSuchElementException">
            <message>
              <![CDATA[no such element: Unable to locate element: {"method":"xpath","selector":"//div[@class='form-group']//a[text()='Forgotten Password11']"}
  (Session info: chrome=92.0.4515.159)
For documentation on this error, please visit: https://www.seleniumhq.org/exceptions/no_such_element.html
Build info: version: '3.141.59', revision: 'e82be7d358', time: '2018-11-14T08:17:03'
System info: host: 'DESKTOP-POFN5K0', ip: '192.168.17.196', os.name: 'Windows 10', os.arch: 'amd64', os.version: '10.0', java.version: '1.8.0_301'
Driver info: org.openqa.selenium.chrome.ChromeDriver
Capabilities {acceptInsecureCerts: false, browserName: chrome, browserVersion: 92.0.4515.159, chrome: {chromedriverVersion: 92.0.4515.107 (87a818b10553..., userDataDir: C:\Users\WINDOWS\AppData\Lo...}, goog:chromeOptions: {debuggerAddress: localhost:59077}, javascriptEnabled: true, networkConnectionEnabled: false, pageLoadStrategy: normal, platform: WINDOWS, platformName: WINDOWS, proxy: Proxy(), setWindowRect: true, strictFileInteractability: false, timeouts: {implicit: 0, pageLoad: 300000, script: 30000}, unhandledPromptBehavior: dismiss and notify, webauthn:extension:credBlob: true, webauthn:extension:largeBlob: true, webauthn:virtualAuthenticators: true}
Session ID: 516091485f6829280272657a10d7798c
*** Element info: {Using=xpath, value=//div[@class='form-group']//a[text()='Forgotten Password11']}]]>
            </message>
            <full-stacktrace>
              <![CDATA[org.openqa.selenium.NoSuchElementException: no such element: Unable to locate element: {"method":"xpath","selector":"//div[@class='form-group']//a[text()='Forgotten Password11']"}
  (Session info: chrome=92.0.4515.159)
For documentation on this error, please visit: https://www.seleniumhq.org/exceptions/no_such_element.html
Build info: version: '3.141.59', revision: 'e82be7d358', time: '2018-11-14T08:17:03'
System info: host: 'DESKTOP-POFN5K0', ip: '192.168.17.196', os.name: 'Windows 10', os.arch: 'amd64', os.version: '10.0', java.version: '1.8.0_301'
Driver info: org.openqa.selenium.chrome.ChromeDriver
Capabilities {acceptInsecureCerts: false, browserName: chrome, browserVersion: 92.0.4515.159, chrome: {chromedriverVersion: 92.0.4515.107 (87a818b10553..., userDataDir: C:\Users\WINDOWS\AppData\Lo...}, goog:chromeOptions: {debuggerAddress: localhost:59077}, javascriptEnabled: true, networkConnectionEnabled: false, pageLoadStrategy: normal, platform: WINDOWS, platformName: WINDOWS, proxy: Proxy(), setWindowRect: true, strictFileInteractability: false, timeouts: {implicit: 0, pageLoad: 300000, script: 30000}, unhandledPromptBehavior: dismiss and notify, webauthn:extension:credBlob: true, webauthn:extension:largeBlob: true, webauthn:virtualAuthenticators: true}
Session ID: 516091485f6829280272657a10d7798c
*** Element info: {Using=xpath, value=//div[@class='form-group']//a[text()='Forgotten Password11']}
at sun.reflect.NativeConstructorAccessorImpl.newInstance0(Native Method)
at sun.reflect.NativeConstructorAccessorImpl.newInstance(NativeConstructorAccessorImpl.java:62)
at sun.reflect.DelegatingConstructorAccessorImpl.newInstance(DelegatingConstructorAccessorImpl.java:45)
at java.lang.reflect.Constructor.newInstance(Constructor.java:423)
at org.openqa.selenium.remote.http.W3CHttpResponseCodec.createException(W3CHttpResponseCodec.java:187)
at org.openqa.selenium.remote.http.W3CHttpResponseCodec.decode(W3CHttpResponseCodec.java:122)
at org.openqa.selenium.remote.http.W3CHttpResponseCodec.decode(W3CHttpResponseCodec.java:49)
at org.openqa.selenium.remote.HttpCommandExecutor.execute(HttpCommandExecutor.java:158)
at org.openqa.selenium.remote.service.DriverCommandExecutor.execute(DriverCommandExecutor.java:83)
at org.openqa.selenium.remote.RemoteWebDriver.execute(RemoteWebDriver.java:552)
at org.openqa.selenium.remote.RemoteWebDriver.findElement(RemoteWebDriver.java:323)
at org.openqa.selenium.remote.RemoteWebDriver.findElementByXPath(RemoteWebDriver.java:428)
at org.openqa.selenium.By$ByXPath.findElement(By.java:353)
at org.openqa.selenium.remote.RemoteWebDriver.findElement(RemoteWebDriver.java:315)
at com.qa.opencart.utils.ElementUtil.getElement(ElementUtil.java:75)
at com.qa.opencart.utils.ElementUtil.doIsDisplayed(ElementUtil.java:109)
at com.qa.opencart.pages.LoginPage.isForgotPwdLinkExist(LoginPage.java:44)
at com.qa.opencart.tests.LoginPageTest.forgotPwdLinkTest(LoginPageTest.java:45)
at sun.reflect.NativeMethodAccessorImpl.invoke0(Native Method)
at sun.reflect.NativeMethodAccessorImpl.invoke(NativeMethodAccessorImpl.java:62)
at sun.reflect.DelegatingMethodAccessorImpl.invoke(DelegatingMethodAccessorImpl.java:43)
at java.lang.reflect.Method.invoke(Method.java:498)
at org.testng.internal.MethodInvocationHelper.invokeMethod(MethodInvocationHelper.java:124)
at org.testng.internal.Invoker.invokeMethod(Invoker.java:583)
at org.testng.internal.Invoker.invokeTestMethod(Invoker.java:719)
at org.testng.internal.Invoker.invokeTestMethods(Invoker.java:989)
at org.testng.internal.TestMethodWorker.invokeTestMethods(TestMethodWorker.java:125)
at org.testng.internal.TestMethodWorker.run(TestMethodWorker.java:109)
at org.testng.TestRunner.privateRun(TestRunner.java:648)
at org.testng.TestRunner.run(TestRunner.java:505)
at org.testng.SuiteRunner.runTest(SuiteRunner.java:455)
at org.testng.SuiteRunner.access$000(SuiteRunner.java:40)
at org.testng.SuiteRunner$SuiteWorker.run(SuiteRunner.java:489)
at org.testng.internal.thread.ThreadUtil$1.call(ThreadUtil.java:52)
at java.util.concurrent.FutureTask.run(FutureTask.java:266)
at java.util.concurrent.ThreadPoolExecutor.runWorker(ThreadPoolExecutor.java:1149)
at java.util.concurrent.ThreadPoolExecutor$Worker.run(ThreadPoolExecutor.java:624)
at java.lang.Thread.run(Thread.java:748)
]]>
            </full-stacktrace>
          </exception> <!-- org.openqa.selenium.NoSuchElementException -->
          <reporter-output>
          </reporter-output>
        </test-method> <!-- forgotPwdLinkTest -->
        <test-method status="PASS" signature="loginTest()[pri:4, instance:com.qa.opencart.tests.LoginPageTest@3d3f761a]" name="loginTest" duration-ms="3482" started-at="2021-08-28T12:07:10Z" finished-at="2021-08-28T12:07:14Z">
          <reporter-output>
          </reporter-output>
        </test-method> <!-- loginTest -->
        <test-method status="PASS" signature="tearDown()[pri:0, instance:com.qa.opencart.tests.LoginPageTest@3d3f761a]" name="tearDown" is-config="true" duration-ms="893" started-at="2021-08-28T12:07:14Z" finished-at="2021-08-28T12:07:15Z">
          <reporter-output>
          </reporter-output>
        </test-method> <!-- tearDown -->
      </class> <!-- com.qa.opencart.tests.LoginPageTest -->
    </test> <!-- Login Page Test -->
    <test name="Accounts Page Test" duration-ms="35881" started-at="2021-08-28T12:07:01Z" finished-at="2021-08-28T12:07:37Z">
      <class name="com.qa.opencart.tests.AccountsPageTest">
        <test-method status="PASS" signature="setUp()[pri:0, instance:com.qa.opencart.tests.AccountsPageTest@5d8445d7]" name="setUp" is-config="true" duration-ms="7973" started-at="2021-08-28T12:07:01Z" finished-at="2021-08-28T12:07:09Z">
          <reporter-output>
          </reporter-output>
        </test-method> <!-- setUp -->
        <test-method status="PASS" signature="accPageSetup()[pri:0, instance:com.qa.opencart.tests.AccountsPageTest@5d8445d7]" name="accPageSetup" is-config="true" duration-ms="4109" started-at="2021-08-28T12:07:09Z" finished-at="2021-08-28T12:07:13Z">
          <reporter-output>
          </reporter-output>
        </test-method> <!-- accPageSetup -->
        <test-method status="PASS" signature="accPageTitleTest()[pri:1, instance:com.qa.opencart.tests.AccountsPageTest@5d8445d7]" name="accPageTitleTest" duration-ms="19" started-at="2021-08-28T12:07:13Z" finished-at="2021-08-28T12:07:13Z">
          <reporter-output>
          </reporter-output>
        </test-method> <!-- accPageTitleTest -->
        <test-method status="FAIL" signature="accPageHeaderTest()[pri:2, instance:com.qa.opencart.tests.AccountsPageTest@5d8445d7]" name="accPageHeaderTest" duration-ms="74" started-at="2021-08-28T12:07:13Z" finished-at="2021-08-28T12:07:13Z">
          <exception class="java.lang.AssertionError">
            <message>
              <![CDATA[expected [Your Store11] but found [Your Store]]]>
            </message>
            <full-stacktrace>
              <![CDATA[java.lang.AssertionError: expected [Your Store11] but found [Your Store]
at org.testng.Assert.fail(Assert.java:96)
at org.testng.Assert.failNotEquals(Assert.java:776)
at org.testng.Assert.assertEqualsImpl(Assert.java:137)
at org.testng.Assert.assertEquals(Assert.java:118)
at org.testng.Assert.assertEquals(Assert.java:453)
at org.testng.Assert.assertEquals(Assert.java:463)
at com.qa.opencart.tests.AccountsPageTest.accPageHeaderTest(AccountsPageTest.java:46)
at sun.reflect.NativeMethodAccessorImpl.invoke0(Native Method)
at sun.reflect.NativeMethodAccessorImpl.invoke(NativeMethodAccessorImpl.java:62)
at sun.reflect.DelegatingMethodAccessorImpl.invoke(DelegatingMethodAccessorImpl.java:43)
at java.lang.reflect.Method.invoke(Method.java:498)
at org.testng.internal.MethodInvocationHelper.invokeMethod(MethodInvocationHelper.java:124)
at org.testng.internal.Invoker.invokeMethod(Invoker.java:583)
at org.testng.internal.Invoker.invokeTestMethod(Invoker.java:719)
at org.testng.internal.Invoker.invokeTestMethods(Invoker.java:989)
at org.testng.internal.TestMethodWorker.invokeTestMethods(TestMethodWorker.java:125)
at org.testng.internal.TestMethodWorker.run(TestMethodWorker.java:109)
at org.testng.TestRunner.privateRun(TestRunner.java:648)
at org.testng.TestRunner.run(TestRunner.java:505)
at org.testng.SuiteRunner.runTest(SuiteRunner.java:455)
at org.testng.SuiteRunner.access$000(SuiteRunner.java:40)
at org.testng.SuiteRunner$SuiteWorker.run(SuiteRunner.java:489)
at org.testng.internal.thread.ThreadUtil$1.call(ThreadUtil.java:52)
at java.util.concurrent.FutureTask.run(FutureTask.java:266)
at java.util.concurrent.ThreadPoolExecutor.runWorker(ThreadPoolExecutor.java:1149)
at java.util.concurrent.ThreadPoolExecutor$Worker.run(ThreadPoolExecutor.java:624)
at java.lang.Thread.run(Thread.java:748)
]]>
            </full-stacktrace>
          </exception> <!-- java.lang.AssertionError -->
          <reporter-output>
          </reporter-output>
        </test-method> <!-- accPageHeaderTest -->
        <test-method status="PASS" signature="accSectionsListTest()[pri:3, instance:com.qa.opencart.tests.AccountsPageTest@5d8445d7]" name="accSectionsListTest" duration-ms="226" started-at="2021-08-28T12:07:14Z" finished-at="2021-08-28T12:07:14Z">
          <reporter-output>
          </reporter-output>
        </test-method> <!-- accSectionsListTest -->
        <test-method status="PASS" signature="logoutLinkExistTest()[pri:4, instance:com.qa.opencart.tests.AccountsPageTest@5d8445d7]" name="logoutLinkExistTest" duration-ms="139" started-at="2021-08-28T12:07:14Z" finished-at="2021-08-28T12:07:14Z">
          <reporter-output>
          </reporter-output>
        </test-method> <!-- logoutLinkExistTest -->
        <test-method status="PASS" signature="searchTest(java.lang.String)[pri:5, instance:com.qa.opencart.tests.AccountsPageTest@5d8445d7]" name="searchTest" duration-ms="2299" started-at="2021-08-28T12:07:14Z" data-provider="getSearchData" finished-at="2021-08-28T12:07:16Z">
          <params>
            <param index="0">
              <value>
                <![CDATA[Macbook Pro]]>
              </value>
            </param>
          </params>
          <reporter-output>
          </reporter-output>
        </test-method> <!-- searchTest -->
        <test-method status="PASS" signature="searchTest(java.lang.String)[pri:5, instance:com.qa.opencart.tests.AccountsPageTest@5d8445d7]" name="searchTest" duration-ms="2241" started-at="2021-08-28T12:07:16Z" data-provider="getSearchData" finished-at="2021-08-28T12:07:18Z">
          <params>
            <param index="0">
              <value>
                <![CDATA[Macbook Air]]>
              </value>
            </param>
          </params>
          <reporter-output>
          </reporter-output>
        </test-method> <!-- searchTest -->
        <test-method status="PASS" signature="searchTest(java.lang.String)[pri:5, instance:com.qa.opencart.tests.AccountsPageTest@5d8445d7]" name="searchTest" duration-ms="2167" started-at="2021-08-28T12:07:18Z" data-provider="getSearchData" finished-at="2021-08-28T12:07:21Z">
          <params>
            <param index="0">
              <value>
                <![CDATA[Apple]]>
              </value>
            </param>
          </params>
          <reporter-output>
          </reporter-output>
        </test-method> <!-- searchTest -->
        <test-method status="PASS" signature="selectProductTest(java.lang.String, java.lang.String)[pri:6, instance:com.qa.opencart.tests.AccountsPageTest@5d8445d7]" name="selectProductTest" duration-ms="5024" started-at="2021-08-28T12:07:23Z" data-provider="getProductSelectData" finished-at="2021-08-28T12:07:28Z">
          <params>
            <param index="0">
              <value>
                <![CDATA[Macbook]]>
              </value>
            </param>
            <param index="1">
              <value>
                <![CDATA[MacBook Pro]]>
              </value>
            </param>
          </params>
          <reporter-output>
          </reporter-output>
        </test-method> <!-- selectProductTest -->
        <test-method status="PASS" signature="selectProductTest(java.lang.String, java.lang.String)[pri:6, instance:com.qa.opencart.tests.AccountsPageTest@5d8445d7]" name="selectProductTest" duration-ms="4202" started-at="2021-08-28T12:07:28Z" data-provider="getProductSelectData" finished-at="2021-08-28T12:07:32Z">
          <params>
            <param index="0">
              <value>
                <![CDATA[Macbook]]>
              </value>
            </param>
            <param index="1">
              <value>
                <![CDATA[MacBook Air]]>
              </value>
            </param>
          </params>
          <reporter-output>
          </reporter-output>
        </test-method> <!-- selectProductTest -->
        <test-method status="PASS" signature="selectProductTest(java.lang.String, java.lang.String)[pri:6, instance:com.qa.opencart.tests.AccountsPageTest@5d8445d7]" name="selectProductTest" duration-ms="4515" started-at="2021-08-28T12:07:32Z" data-provider="getProductSelectData" finished-at="2021-08-28T12:07:36Z">
          <params>
            <param index="0">
              <value>
                <![CDATA[iMac]]>
              </value>
            </param>
            <param index="1">
              <value>
                <![CDATA[iMac]]>
              </value>
            </param>
          </params>
          <reporter-output>
          </reporter-output>
        </test-method> <!-- selectProductTest -->
        <test-method status="PASS" signature="tearDown()[pri:0, instance:com.qa.opencart.tests.AccountsPageTest@5d8445d7]" name="tearDown" is-config="true" duration-ms="733" started-at="2021-08-28T12:07:36Z" finished-at="2021-08-28T12:07:37Z">
          <reporter-output>
          </reporter-output>
        </test-method> <!-- tearDown -->
      </class> <!-- com.qa.opencart.tests.AccountsPageTest -->
    </test> <!-- Accounts Page Test -->
  </suite> <!-- Open Cart Regression Suite -->
</testng-results>
