<?xml version="1.0" encoding="UTF-8"?>
<testsuite xmlns:xsi="http://www.w3.org/2001/XMLSchema-instance" xsi:noNamespaceSchemaLocation="https://maven.apache.org/surefire/maven-surefire-plugin/xsd/surefire-test-report.xsd" name="TestSuite" time="38.294" tests="14" errors="0" skipped="0" failures="3">
  <properties>
    <property name="java.runtime.name" value="Java(TM) SE Runtime Environment"/>
    <property name="sun.boot.library.path" value="C:\Program Files\Java\jdk1.8.0_301\jre\bin"/>
    <property name="java.vm.version" value="25.301-b09"/>
    <property name="java.vm.vendor" value="Oracle Corporation"/>
    <property name="maven.multiModuleProjectDirectory" value="D:\Aruna\June2021POMSeries\June2021POMSeries"/>
    <property name="java.vendor.url" value="http://java.oracle.com/"/>
    <property name="path.separator" value=";"/>
    <property name="guice.disable.misplaced.annotation.check" value="true"/>
    <property name="java.vm.name" value="Java HotSpot(TM) 64-Bit Server VM"/>
    <property name="file.encoding.pkg" value="sun.io"/>
    <property name="user.script" value=""/>
    <property name="user.country" value="IN"/>
    <property name="sun.java.launcher" value="SUN_STANDARD"/>
    <property name="sun.os.patch.level" value=""/>
    <property name="java.vm.specification.name" value="Java Virtual Machine Specification"/>
    <property name="user.dir" value="D:\Aruna\June2021POMSeries\June2021POMSeries"/>
    <property name="java.runtime.version" value="1.8.0_301-b09"/>
    <property name="java.awt.graphicsenv" value="sun.awt.Win32GraphicsEnvironment"/>
    <property name="java.endorsed.dirs" value="C:\Program Files\Java\jdk1.8.0_301\jre\lib\endorsed"/>
    <property name="os.arch" value="amd64"/>
    <property name="java.io.tmpdir" value="C:\Users\WINDOWS\AppData\Local\Temp\"/>
    <property name="line.separator" value="&#10;"/>
    <property name="java.vm.specification.vendor" value="Oracle Corporation"/>
    <property name="user.variant" value=""/>
    <property name="os.name" value="Windows 10"/>
    <property name="classworlds.conf" value="D:\Aruna\Source\.metadata\.plugins\org.eclipse.m2e.launching\launches\m2conf3648927450368300055.tmp"/>
    <property name="sun.jnu.encoding" value="Cp1252"/>
    <property name="java.library.path" value="C:\Program Files\Java\jdk1.8.0_301\bin;C:\Windows\Sun\Java\bin;C:\Windows\system32;C:\Windows;C:/Users/WINDOWS/.p2/pool/plugins/org.eclipse.justj.openjdk.hotspot.jre.full.win32.x86_64_16.0.2.v20210721-1149/jre/bin/server;C:/Users/WINDOWS/.p2/pool/plugins/org.eclipse.justj.openjdk.hotspot.jre.full.win32.x86_64_16.0.2.v20210721-1149/jre/bin;C:\Program Files\Common Files\Oracle\Java\javapath;C:\Program Files (x86)\Common Files\Oracle\Java\javapath;C:\Windows\system32;C:\Windows;C:\Windows\System32\Wbem;C:\Windows\System32\WindowsPowerShell\v1.0\;C:\Windows\System32\OpenSSH\;C:\Program Files\nodejs\;C:\Program Files\Git\cmd;C:\Program Files\Java\jdk-16.0.2\bin;D:\Aruna\apache-maven-3.8.1-bin\apache-maven-3.8.1\bin;C:\Users\WINDOWS\AppData\Local\Microsoft\WindowsApps;C:\Users\WINDOWS\AppData\Roaming\npm;C:\Program Files\Java\jdk-16.0.2\bin;;C:\Users\WINDOWS\Desktop;;."/>
    <property name="java.specification.name" value="Java Platform API Specification"/>
    <property name="java.class.version" value="52.0"/>
    <property name="sun.management.compiler" value="HotSpot 64-Bit Tiered Compilers"/>
    <property name="os.version" value="10.0"/>
    <property name="user.home" value="C:\Users\WINDOWS"/>
    <property name="user.timezone" value="Asia/Calcutta"/>
    <property name="java.awt.printerjob" value="sun.awt.windows.WPrinterJob"/>
    <property name="java.specification.version" value="1.8"/>
    <property name="file.encoding" value="Cp1252"/>
    <property name="user.name" value="WINDOWS"/>
    <property name="java.class.path" value="C:\Users\WINDOWS\.p2\pool\plugins\org.eclipse.m2e.maven.runtime_1.18.0.20210603-1206\jars\plexus-classworlds-2.6.0.jar"/>
    <property name="java.vm.specification.version" value="1.8"/>
    <property name="sun.arch.data.model" value="64"/>
    <property name="java.home" value="C:\Program Files\Java\jdk1.8.0_301\jre"/>
    <property name="sun.java.command" value="org.codehaus.plexus.classworlds.launcher.Launcher -B install"/>
    <property name="java.specification.vendor" value="Oracle Corporation"/>
    <property name="user.language" value="en"/>
    <property name="awt.toolkit" value="sun.awt.windows.WToolkit"/>
    <property name="java.vm.info" value="mixed mode"/>
    <property name="java.version" value="1.8.0_301"/>
    <property name="java.ext.dirs" value="C:\Program Files\Java\jdk1.8.0_301\jre\lib\ext;C:\Windows\Sun\Java\lib\ext"/>
    <property name="sun.boot.class.path" value="C:\Program Files\Java\jdk1.8.0_301\jre\lib\resources.jar;C:\Program Files\Java\jdk1.8.0_301\jre\lib\rt.jar;C:\Program Files\Java\jdk1.8.0_301\jre\lib\sunrsasign.jar;C:\Program Files\Java\jdk1.8.0_301\jre\lib\jsse.jar;C:\Program Files\Java\jdk1.8.0_301\jre\lib\jce.jar;C:\Program Files\Java\jdk1.8.0_301\jre\lib\charsets.jar;C:\Program Files\Java\jdk1.8.0_301\jre\lib\jfr.jar;C:\Program Files\Java\jdk1.8.0_301\jre\classes"/>
    <property name="java.vendor" value="Oracle Corporation"/>
    <property name="maven.home" value="D:\Aruna\June2021POMSeries\June2021POMSeries\EMBEDDED"/>
    <property name="file.separator" value="\"/>
    <property name="java.vendor.url.bug" value="http://bugreport.sun.com/bugreport/"/>
    <property name="sun.cpu.endian" value="little"/>
    <property name="sun.io.unicode.encoding" value="UnicodeLittle"/>
    <property name="sun.desktop" value="windows"/>
    <property name="sun.cpu.isalist" value="amd64"/>
  </properties>
  <testcase name="loginPageTitleTest" classname="com.qa.opencart.tests.LoginPageTest" time="0.361"/>
  <testcase name="loginPageHeaderTest" classname="com.qa.opencart.tests.LoginPageTest" time="0.393">
    <failure message="....Header is not matched.... expected [Your Store11] but found [Your Store]" type="java.lang.AssertionError">java.lang.AssertionError: ....Header is not matched.... expected [Your Store11] but found [Your Store]
	at com.qa.opencart.tests.LoginPageTest.loginPageHeaderTest(LoginPageTest.java:38)
</failure>
    <system-out><![CDATA[I am in onTestStart method loginPageHeaderTest start
lp header is: Your Store
I am in onTestFailure method loginPageHeaderTest failed
Screenshot captured for test case:loginPageHeaderTest
]]></system-out>
  </testcase>
  <testcase name="forgotPwdLinkTest" classname="com.qa.opencart.tests.LoginPageTest" time="0.24">
    <failure message="no such element: Unable to locate element: {&quot;method&quot;:&quot;xpath&quot;,&quot;selector&quot;:&quot;//div[@class=&apos;form-group&apos;]//a[text()=&apos;Forgotten Password11&apos;]&quot;}&#10;  (Session info: chrome=92.0.4515.159)&#10;For documentation on this error, please visit: https://www.seleniumhq.org/exceptions/no_such_element.html&#10;Build info: version: &apos;3.141.59&apos;, revision: &apos;e82be7d358&apos;, time: &apos;2018-11-14T08:17:03&apos;&#10;System info: host: &apos;DESKTOP-POFN5K0&apos;, ip: &apos;192.168.17.196&apos;, os.name: &apos;Windows 10&apos;, os.arch: &apos;amd64&apos;, os.version: &apos;10.0&apos;, java.version: &apos;1.8.0_301&apos;&#10;Driver info: org.openqa.selenium.chrome.ChromeDriver&#10;Capabilities {acceptInsecureCerts: false, browserName: chrome, browserVersion: 92.0.4515.159, chrome: {chromedriverVersion: 92.0.4515.107 (87a818b10553..., userDataDir: C:\Users\WINDOWS\AppData\Lo...}, goog:chromeOptions: {debuggerAddress: localhost:59077}, javascriptEnabled: true, networkConnectionEnabled: false, pageLoadStrategy: normal, platform: WINDOWS, platformName: WINDOWS, proxy: Proxy(), setWindowRect: true, strictFileInteractability: false, timeouts: {implicit: 0, pageLoad: 300000, script: 30000}, unhandledPromptBehavior: dismiss and notify, webauthn:extension:credBlob: true, webauthn:extension:largeBlob: true, webauthn:virtualAuthenticators: true}&#10;Session ID: 516091485f6829280272657a10d7798c&#10;*** Element info: {Using=xpath, value=//div[@class=&apos;form-group&apos;]//a[text()=&apos;Forgotten Password11&apos;]}" type="org.openqa.selenium.NoSuchElementException">org.openqa.selenium.NoSuchElementException: 
no such element: Unable to locate element: {"method":"xpath","selector":"//div[@class='form-group']//a[text()='Forgotten Password11']"}
  (Session info: chrome=92.0.4515.159)
For documentation on this error, please visit: https://www.seleniumhq.org/exceptions/no_such_element.html
Build info: version: '3.141.59', revision: 'e82be7d358', time: '2018-11-14T08:17:03'
System info: host: 'DESKTOP-POFN5K0', ip: '192.168.17.196', os.name: 'Windows 10', os.arch: 'amd64', os.version: '10.0', java.version: '1.8.0_301'
Driver info: org.openqa.selenium.chrome.ChromeDriver
Capabilities {acceptInsecureCerts: false, browserName: chrome, browserVersion: 92.0.4515.159, chrome: {chromedriverVersion: 92.0.4515.107 (87a818b10553..., userDataDir: C:\Users\WINDOWS\AppData\Lo...}, goog:chromeOptions: {debuggerAddress: localhost:59077}, javascriptEnabled: true, networkConnectionEnabled: false, pageLoadStrategy: normal, platform: WINDOWS, platformName: WINDOWS, proxy: Proxy(), setWindowRect: true, strictFileInteractability: false, timeouts: {implicit: 0, pageLoad: 300000, script: 30000}, unhandledPromptBehavior: dismiss and notify, webauthn:extension:credBlob: true, webauthn:extension:largeBlob: true, webauthn:virtualAuthenticators: true}
Session ID: 516091485f6829280272657a10d7798c
*** Element info: {Using=xpath, value=//div[@class='form-group']//a[text()='Forgotten Password11']}
	at com.qa.opencart.tests.LoginPageTest.forgotPwdLinkTest(LoginPageTest.java:45)
</failure>
    <system-out><![CDATA[I am in onTestStart method forgotPwdLinkTest start
I am in onTestFailure method forgotPwdLinkTest failed
Screenshot captured for test case:forgotPwdLinkTest
]]></system-out>
  </testcase>
  <testcase name="accPageTitleTest" classname="com.qa.opencart.tests.AccountsPageTest" time="0.02"/>
  <testcase name="accPageHeaderTest" classname="com.qa.opencart.tests.AccountsPageTest" time="0.28">
    <failure message="expected [Your Store11] but found [Your Store]" type="java.lang.AssertionError">java.lang.AssertionError: expected [Your Store11] but found [Your Store]
	at com.qa.opencart.tests.AccountsPageTest.accPageHeaderTest(AccountsPageTest.java:46)
</failure>
    <system-out><![CDATA[I am in onTestStart method accPageHeaderTest start
acc page header is: Your Store
I am in onTestFailure method accPageHeaderTest failed
Screenshot captured for test case:accPageHeaderTest
]]></system-out>
  </testcase>
  <testcase name="accSectionsListTest" classname="com.qa.opencart.tests.AccountsPageTest" time="0.226"/>
  <testcase name="loginTest" classname="com.qa.opencart.tests.LoginPageTest" time="0.116"/>
  <testcase name="logoutLinkExistTest" classname="com.qa.opencart.tests.AccountsPageTest" time="0.14"/>
  <testcase name="searchTest" classname="com.qa.opencart.tests.AccountsPageTest" time="2.29"/>
  <testcase name="searchTest" classname="com.qa.opencart.tests.AccountsPageTest" time="2.241"/>
  <testcase name="searchTest" classname="com.qa.opencart.tests.AccountsPageTest" time="2.168"/>
  <testcase name="selectProductTest" classname="com.qa.opencart.tests.AccountsPageTest" time="5.022"/>
  <testcase name="selectProductTest" classname="com.qa.opencart.tests.AccountsPageTest" time="4.203"/>
  <testcase name="selectProductTest" classname="com.qa.opencart.tests.AccountsPageTest" time="4.515"/>
</testsuite>